<?xml version="1.0" encoding="UTF-8"?>
<!-- Generated by org.testng.reporters.JUnitXMLReporter -->
<testsuite hostname="ATMECSINLT-404" ignored="0" name="Test" tests="1" failures="1" timestamp="2021-01-11T17:53:35 IST" time="9.908" errors="0">
  <testcase name="login" time="0.038" classname="com.atmecs.openmrs.automation.testscripts.TestScript">
    <failure type="java.lang.IllegalArgumentException" message="Cannot find elements when the XPath is null.">
      <![CDATA[java.lang.IllegalArgumentException: Cannot find elements when the XPath is null.
at org.openqa.selenium.By$ByXPath.<init>(By.java:339)
at org.openqa.selenium.By.xpath(By.java:92)
at com.atmecs.openmrs.automation.helper.HelperClass.sendText(HelperClass.java:18)
at com.atmecs.openmrs.automation.pages.OpenMrsHomePage.login(OpenMrsHomePage.java:25)
at com.atmecs.openmrs.automation.testscripts.TestScript.login(TestScript.java:28)
at java.util.concurrent.ThreadPoolExecutor.runWorker(Unknown Source)
at java.util.concurrent.ThreadPoolExecutor$Worker.run(Unknown Source)
at java.lang.Thread.run(Unknown Source)
... Removed 12 stack frames]]>
    </failure>
  </testcase> <!-- login -->
</testsuite> <!-- Test -->
